2026-02-05 18:36:56,380 P1639 [INFO] ************************************************************
2026-02-05 18:36:56,380 P1639 [INFO] ConfigSet _OnInstanceBoot
2026-02-05 18:36:56,383 P1639 [INFO] ++++++++++++++++++++++++++++++++++++++++++++++++++++++++++++
2026-02-05 18:36:56,383 P1639 [INFO] Config AWSEBBaseConfig
2026-02-05 18:36:56,596 P1639 [INFO] ============================================================
2026-02-05 18:36:56,596 P1639 [INFO] Command clearbackupfiles
2026-02-05 18:36:56,607 P1639 [INFO] Completed successfully.
2026-02-05 18:36:56,610 P1639 [INFO] ++++++++++++++++++++++++++++++++++++++++++++++++++++++++++++
2026-02-05 18:36:56,610 P1639 [INFO] Config AWSEBCfnHupEndpointOverride
2026-02-05 18:36:56,611 P1639 [INFO] ============================================================
2026-02-05 18:36:56,611 P1639 [INFO] Command clearbackupfiles
2026-02-05 18:36:56,615 P1639 [INFO] Completed successfully.
2026-02-05 18:38:03,668 P1835 [INFO] ************************************************************
2026-02-05 18:38:03,668 P1835 [INFO] ConfigSet Infra-EmbeddedPreBuild
2026-02-05 18:38:03,670 P1835 [INFO] ++++++++++++++++++++++++++++++++++++++++++++++++++++++++++++
2026-02-05 18:38:03,670 P1835 [INFO] Config prebuild_0_weatherapp
2026-02-05 18:38:06,171 P1989 [INFO] ************************************************************
2026-02-05 18:38:06,171 P1989 [INFO] ConfigSet Infra-EmbeddedPostBuild
2026-02-05 19:55:33,739 P4714 [INFO] ************************************************************
2026-02-05 19:55:33,740 P4714 [INFO] ConfigSet Infra-EmbeddedPreBuild
2026-02-05 22:07:48,562 P9122 [INFO] ************************************************************
2026-02-05 22:07:48,562 P9122 [INFO] ConfigSet Infra-EmbeddedPreBuild
2026-02-05 22:07:51,443 P9342 [INFO] ************************************************************
2026-02-05 22:07:51,443 P9342 [INFO] ConfigSet Infra-EmbeddedPostBuild
2026-02-05 22:24:03,874 P10120 [INFO] ************************************************************
2026-02-05 22:24:03,874 P10120 [INFO] ConfigSet Infra-EmbeddedPreBuild
2026-02-05 22:24:06,924 P10341 [INFO] ************************************************************
2026-02-05 22:24:06,924 P10341 [INFO] ConfigSet Infra-EmbeddedPostBuild
