[2026-02-05T18:36:55Z] Started EB User Data
+ SLEEP_TIME=2
+ SLEEP_TIME_MAX=3600
+ true
+ curl https://elasticbeanstalk-platform-assets-eu-west-1.s3.eu-west-1.amazonaws.com/stalks/eb_dotnet8_amazon_linux_2023_1.0.1827.0_20260128224955/lib/UserDataScript.sh
  % Total    % Received % Xferd  Average Speed   Time    Time     Time  Current
                                 Dload  Upload   Total   Spent    Left  Speed
  0     0    0     0    0     0      0      0 --:--:-- --:--:-- --:--:--     0100  4838  100  4838    0     0  97624      0 --:--:-- --:--:-- --:--:-- 98734
+ RESULT=0
+ [[ 0 -ne 0 ]]
+ /bin/bash /tmp/ebbootstrap.sh 'https://cloudformation-waitcondition-eu-west-1.s3-eu-west-1.amazonaws.com/arn%3Aaws%3Acloudformation%3Aeu-west-1%3A471112980487%3Astack/awseb-e-ikmjkwvrfs-stack/8bf5ee10-02c1-11f1-ae4b-02212fe9b121/8bf68a50-02c1-11f1-ae4b-02212fe9b121/AWSEBInstanceLaunchWaitHandle?X-Amz-Algorithm=AWS4-HMAC-SHA256&X-Amz-Date=20260205T183615Z&X-Amz-SignedHeaders=host&X-Amz-Expires=43199&X-Amz-Credential=AKIAU7SEXKRMX6OSFN7H%2F20260205%2Feu-west-1%2Fs3%2Faws4_request&X-Amz-Signature=d32f38a90dfc3b20f7bba545926934a8ed474a17806a5f99c345ab6e8051d2b6' arn:aws:cloudformation:eu-west-1:471112980487:stack/awseb-e-ikmjkwvrfs-stack/8bf5ee10-02c1-11f1-ae4b-02212fe9b121 990b949b-304e-42e7-ab2a-f44609464196 https://elasticbeanstalk-health.eu-west-1.amazonaws.com '' https://elasticbeanstalk-platform-assets-eu-west-1.s3.eu-west-1.amazonaws.com/stalks/eb_dotnet8_amazon_linux_2023_1.0.1827.0_20260128224955 eu-west-1
[2026-02-05T18:36:55.858Z] Started EB Bootstrapping Script.
[2026-02-05T18:36:55.862Z] Received parameters:
 TARBALLS = 
 EB_GEMS = 
 SIGNAL_URL = https://cloudformation-waitcondition-eu-west-1.s3-eu-west-1.amazonaws.com/arn%3Aaws%3Acloudformation%3Aeu-west-1%3A471112980487%3Astack/awseb-e-ikmjkwvrfs-stack/8bf5ee10-02c1-11f1-ae4b-02212fe9b121/8bf68a50-02c1-11f1-ae4b-02212fe9b121/AWSEBInstanceLaunchWaitHandle?X-Amz-Algorithm=AWS4-HMAC-SHA256&X-Amz-Date=20260205T183615Z&X-Amz-SignedHeaders=host&X-Amz-Expires=43199&X-Amz-Credential=AKIAU7SEXKRMX6OSFN7H%2F20260205%2Feu-west-1%2Fs3%2Faws4_request&X-Amz-Signature=d32f38a90dfc3b20f7bba545926934a8ed474a17806a5f99c345ab6e8051d2b6
 STACK_ID = arn:aws:cloudformation:eu-west-1:471112980487:stack/awseb-e-ikmjkwvrfs-stack/8bf5ee10-02c1-11f1-ae4b-02212fe9b121
 REGION = eu-west-1
 GUID = 
 HEALTHD_GROUP_ID = 990b949b-304e-42e7-ab2a-f44609464196
 HEALTHD_ENDPOINT = https://elasticbeanstalk-health.eu-west-1.amazonaws.com
 PROXY_SERVER = 
 HEALTHD_PROXY_LOG_LOCATION = 
 PLATFORM_ASSETS_URL = https://elasticbeanstalk-platform-assets-eu-west-1.s3.eu-west-1.amazonaws.com/stalks/eb_dotnet8_amazon_linux_2023_1.0.1827.0_20260128224955
[2026-02-05T18:36:55.887Z] engine url is set to https://elasticbeanstalk-platform-assets-eu-west-1.s3.eu-west-1.amazonaws.com/stalks/eb_dotnet8_amazon_linux_2023_1.0.1827.0_20260128224955/lib/platform-engine.zip
[2026-02-05T18:36:55.893Z] first init of instance.
[2026-02-05T18:36:55.897Z] Started executing cfn_init _OnInstanceBoot.
[2026-02-05T18:36:55.900Z] Running cfn-init ConfigSet: _OnInstanceBoot.
[2026-02-05T18:36:55.904Z] Using stack-id from userdata
[2026-02-05T18:36:56.650Z] Command Returned: 
[2026-02-05T18:36:56.654Z] Completed executing cfn_init.
[2026-02-05T18:36:56.658Z] finished _OnInstanceBoot
[2026-02-05T18:36:56.662Z] installing platform engine
2026-02-05 18:36:57 URL:https://elasticbeanstalk-platform-assets-eu-west-1.s3.eu-west-1.amazonaws.com/stalks/eb_dotnet8_amazon_linux_2023_1.0.1827.0_20260128224955/lib/platform-engine.zip [33629977/33629977] -> "/tmp/platform-engine.zip" [1]
[2026-02-05T18:36:57.816Z] executing platform engine. see /var/log/eb-engine.log.
[2026-02-05T18:36:59.553Z] Successfully bootstrapped instance.
[2026-02-05T18:36:59.561Z] Sending signal 0 to CFN wait condition https://cloudformation-waitcondition-eu-west-1.s3-eu-west-1.amazonaws.com/arn%3Aaws%3Acloudformation%3Aeu-west-1%3A471112980487%3Astack/awseb-e-ikmjkwvrfs-stack/8bf5ee10-02c1-11f1-ae4b-02212fe9b121/8bf68a50-02c1-11f1-ae4b-02212fe9b121/AWSEBInstanceLaunchWaitHandle?X-Amz-Algorithm=AWS4-HMAC-SHA256&X-Amz-Date=20260205T183615Z&X-Amz-SignedHeaders=host&X-Amz-Expires=43199&X-Amz-Credential=AKIAU7SEXKRMX6OSFN7H%2F20260205%2Feu-west-1%2Fs3%2Faws4_request&X-Amz-Signature=d32f38a90dfc3b20f7bba545926934a8ed474a17806a5f99c345ab6e8051d2b6
CloudFormation signaled successfully with status SUCCESS
[2026-02-05T18:36:59.990Z] Tailing /var/log/eb-engine.log

******************* eb-engine taillog *******************
2026/02/05 18:36:58.627396 [INFO] bootstrap healthd....
2026/02/05 18:36:58.627406 [INFO] Running command: /usr/bin/id -u healthd || /usr/sbin/useradd --user-group healthd -s /sbin/nologin --create-home
2026/02/05 18:36:58.630446 [INFO] 1001

2026/02/05 18:36:58.630828 [INFO] configure bundle log for healthd...
2026/02/05 18:36:58.630880 [INFO] Executing instruction: GetSetupProxyLog
2026/02/05 18:36:58.630941 [INFO] Skipping Install yum packages
2026/02/05 18:36:58.630945 [INFO] Skipping Install .NET Core Runtime
2026/02/05 18:36:58.630949 [INFO] Skipping MarkBaked
2026/02/05 18:36:58.630954 [INFO] Instance has NOT been bootstrapped
2026/02/05 18:36:58.630956 [INFO] Executing instruction: TuneSystemSettings
2026/02/05 18:36:58.630958 [INFO] Starting TuneSystemSettings
2026/02/05 18:36:58.630961 [INFO] Instance has NOT been bootstrapped
2026/02/05 18:36:58.632996 [INFO] Executing instruction: GetSetupLogRotate
2026/02/05 18:36:58.633006 [INFO] Initialize LogRotate files and directories
2026/02/05 18:36:58.650477 [INFO] Instance has NOT been bootstrapped
2026/02/05 18:36:58.650487 [INFO] Executing instruction: BootstrapCFNHup
2026/02/05 18:36:58.650490 [INFO] Bootstrap cfn-hup
2026/02/05 18:36:58.652586 [INFO] Copying file /opt/elasticbeanstalk/config/private/aws-eb-command-handler.conf to /etc/cfn/hooks.d/aws-eb-command-handler.conf
2026/02/05 18:36:58.654692 [INFO] Executing instruction: StartCFNHup
2026/02/05 18:36:58.654700 [INFO] Start cfn-hup
2026/02/05 18:36:58.654712 [INFO] Running command: systemctl show -p PartOf cfn-hup.service
2026/02/05 18:36:58.667415 [INFO] cfn-hup is not registered with EB yet, registering it now
2026/02/05 18:36:58.667440 [INFO] Running command: systemctl show -p PartOf cfn-hup.service
2026/02/05 18:36:58.682923 [INFO] Running command: systemctl daemon-reload
2026/02/05 18:36:58.918762 [INFO] Running command: systemctl reset-failed
2026/02/05 18:36:58.932982 [INFO] Running command: systemctl is-enabled aws-eb.target
2026/02/05 18:36:58.946013 [INFO] Running command: systemctl enable aws-eb.target
2026/02/05 18:36:59.218411 [INFO] Running command: systemctl start aws-eb.target
2026/02/05 18:36:59.228253 [INFO] Running command: systemctl enable cfn-hup.service
2026/02/05 18:36:59.458732 [INFO] Created symlink /etc/systemd/system/multi-user.target.wants/cfn-hup.service → /etc/systemd/system/cfn-hup.service.

2026/02/05 18:36:59.458766 [INFO] Running command: systemctl is-active cfn-hup.service
2026/02/05 18:36:59.467984 [INFO] cfn-hup process is not running, starting it now
2026/02/05 18:36:59.468012 [INFO] Running command: systemctl show -p PartOf cfn-hup.service
2026/02/05 18:36:59.478019 [INFO] Running command: systemctl is-active cfn-hup.service
2026/02/05 18:36:59.486628 [INFO] Running command: systemctl start cfn-hup.service
2026/02/05 18:36:59.548138 [INFO] Instance has NOT been bootstrapped
2026/02/05 18:36:59.548161 [INFO] Executing instruction: SetupPublishLogCronjob
2026/02/05 18:36:59.548165 [INFO] Setup publish logs cron job...
2026/02/05 18:36:59.548169 [INFO] Copying file /opt/elasticbeanstalk/config/private/logtasks/cron/publishlogs to /etc/cron.d/publishlogs
2026/02/05 18:36:59.550635 [INFO] Instance has NOT been bootstrapped
2026/02/05 18:36:59.550648 [INFO] Executing instruction: MarkBootstrapped
2026/02/05 18:36:59.550651 [INFO] Starting MarkBootstrapped
2026/02/05 18:36:59.550657 [INFO] Instance has NOT been bootstrapped
2026/02/05 18:36:59.550742 [INFO] Marked instance as Bootstrapped
2026/02/05 18:36:59.550747 [INFO] Executing instruction: Save CFN Stack Info
2026/02/05 18:36:59.550798 [INFO] Executing cleanup logic
2026/02/05 18:36:59.550809 [INFO] Platform Engine finished execution on command: env-launch
******************* End of taillog *******************


[2026-02-05T18:37:00.026Z] Tailing /var/log/eb-tools.log

******************* eb-tools taillog *******************
***eb-tools is not available yet.***
******************* End of taillog *******************


[2026-02-05T18:37:00.109Z] Tailing /var/log/eb-hooks.log

******************* eb-hooks taillog *******************
***eb-hooks is not available yet.***
******************* End of taillog *******************


[2026-02-05T18:37:00.120Z] Tailing /var/log/cfn-init.log

******************* cfn-init taillog *******************
2026-02-05 18:36:56,373 [INFO] -----------------------Starting build-----------------------
2026-02-05 18:36:56,378 [INFO] Running configSets: _OnInstanceBoot
2026-02-05 18:36:56,380 [INFO] Running configSet _OnInstanceBoot
2026-02-05 18:36:56,382 [INFO] Running config AWSEBBaseConfig
2026-02-05 18:36:56,608 [INFO] Command clearbackupfiles succeeded
2026-02-05 18:36:56,610 [INFO] Running config AWSEBCfnHupEndpointOverride
2026-02-05 18:36:56,615 [INFO] Command clearbackupfiles succeeded
2026-02-05 18:36:56,616 [INFO] ConfigSets completed
2026-02-05 18:36:56,616 [INFO] -----------------------Build complete-----------------------
******************* End of taillog *******************


[2026-02-05T18:37:00.160Z] Tailing /var/log/cfn-hup.log

******************* cfn-hup taillog *******************
2026-02-05 18:36:59,861 [DEBUG] CloudFormation client initialized with endpoint https://cloudformation.eu-west-1.amazonaws.com
2026-02-05 18:36:59,862 [DEBUG] SQS client initialized with endpoint https://sqs.eu-west-1.amazonaws.com
2026-02-05 18:36:59,862 [DEBUG] CloudFormation client initialized with endpoint https://cloudformation.eu-west-1.amazonaws.com
2026-02-05 18:36:59,862 [DEBUG] Enabled single threading mode.
2026-02-05 18:36:59,862 [DEBUG] Creating /var/lib/cfn-hup/data
2026-02-05 18:36:59,873 [INFO] No umask value specified in config file. Using the default one: 0o22
2026-02-05 18:36:59,935 [INFO] Pid: 1769
******************* End of taillog *******************


[2026-02-05T18:37:00.242Z] Completed EB Bootstrapping Script.
+ RESULT=0
+ [[ 0 -ne 0 ]]
+ exit 0
